#
# There is insufficient memory for the Java Runtime Environment to continue.
# Native memory allocation (malloc) failed to allocate 1166256 bytes for Chunk::new
# Possible reasons:
#   The system is out of physical RAM or swap space
#   The process is running with CompressedOops enabled, and the Java Heap may be blocking the growth of the native heap
# Possible solutions:
#   Reduce memory load on the system
#   Increase physical memory or swap space
#   Check if swap backing store is full
#   Decrease Java heap size (-Xmx/-Xms)
#   Decrease number of Java threads
#   Decrease Java thread stack sizes (-Xss)
#   Set larger code cache with -XX:ReservedCodeCacheSize=
#   JVM is running with Unscaled Compressed Oops mode in which the Java heap is
#     placed in the first 4GB address space. The Java Heap base address is the
#     maximum limit for the native heap growth. Please use -XX:HeapBaseMinAddress
#     to set the Java Heap base and to place the Java Heap above 4GB virtual address.
# This output file may be truncated or incomplete.
#
#  Out of Memory Error (allocation.cpp:389), pid=1788, tid=0x0000000000001c14
#
# JRE version: OpenJDK Runtime Environment (8.0_242-b01) (build 1.8.0_242-release-1644-b01)
# Java VM: OpenJDK 64-Bit Server VM (25.242-b01 mixed mode windows-amd64 compressed oops)
# Failed to write core dump. Minidumps are not enabled by default on client versions of Windows
#

---------------  T H R E A D  ---------------

Current thread (0x0000000017cd6000):  JavaThread "C2 CompilerThread0" daemon [_thread_in_native, id=7188, stack(0x0000000019330000,0x0000000019430000)]

Stack: [0x0000000019330000,0x0000000019430000]
[error occurred during error reporting (printing stack bounds), id 0xc0000005]

Native frames: (J=compiled Java code, j=interpreted, Vv=VM code, C=native code)


Current CompileTask:
C2:  52614 8708 %     4       com.sun.imageio.plugins.png.PNGImageWriter::encodePass @ 790 (1063 bytes)


---------------  P R O C E S S  ---------------

Java Threads: ( => current thread )
  0x000000001aa6a800 JavaThread "MarlinRenderer Disposer" daemon [_thread_blocked, id=1120, stack(0x000000002c7f0000,0x000000002c8f0000)]
  0x000000001aa6a000 JavaThread "Java2D Disposer" daemon [_thread_blocked, id=8940, stack(0x000000002c6f0000,0x000000002c7f0000)]
  0x000000001aa69000 JavaThread "WorkerExecutor Queue Thread 4" [_thread_blocked, id=9028, stack(0x000000002c310000,0x000000002c410000)]
  0x000000001aa68800 JavaThread "WorkerExecutor Queue Thread 3" [_thread_blocked, id=9672, stack(0x000000002c210000,0x000000002c310000)]
  0x000000001aa61000 JavaThread "WorkerExecutor Queue Thread 2" [_thread_blocked, id=11072, stack(0x000000002c110000,0x000000002c210000)]
  0x000000001aa67800 JavaThread "WorkerExecutor Queue" [_thread_blocked, id=4816, stack(0x000000002c010000,0x000000002c110000)]
  0x000000001aa65800 JavaThread "Cache worker for execution history cache (C:\Users\Lenovo\AndroidStudioProjects\DiceClicker\.gradle\6.5\executionHistory)" [_thread_blocked, id=7384, stack(0x000000002bb10000,0x000000002bc10000)]
  0x000000001aa62800 JavaThread "Execution worker for ':' Thread 3" [_thread_in_native, id=6108, stack(0x000000002ba10000,0x000000002bb10000)]
  0x000000001aa61800 JavaThread "Execution worker for ':' Thread 2" [_thread_blocked, id=11240, stack(0x000000002b910000,0x000000002ba10000)]
  0x000000001aa64800 JavaThread "Execution worker for ':'" [_thread_blocked, id=4540, stack(0x000000002a2f0000,0x000000002a3f0000)]
  0x000000001a0b0000 JavaThread "Cache worker for file content cache (C:\Users\Lenovo\AndroidStudioProjects\DiceClicker\.gradle\6.5\fileContent)" [_thread_blocked, id=9756, stack(0x000000002a1f0000,0x000000002a2f0000)]
  0x000000001a0ad000 JavaThread "Memory manager" [_thread_blocked, id=2132, stack(0x000000002a0f0000,0x000000002a1f0000)]
  0x000000001a0ac800 JavaThread "pool-1-thread-1" [_thread_blocked, id=5044, stack(0x0000000028ff0000,0x00000000290f0000)]
  0x000000001a0b2800 JavaThread "Cache worker for Build Output Cleanup Cache (C:\Users\Lenovo\AndroidStudioProjects\DiceClicker\.gradle\buildOutputCleanup)" [_thread_blocked, id=2788, stack(0x0000000027d20000,0x0000000027e20000)]
  0x000000001a0b1000 JavaThread "jar transforms Thread 113" [_thread_blocked, id=7324, stack(0x0000000027a20000,0x0000000027b20000)]
  0x000000001a0ae000 JavaThread "jar transforms Thread 112" [_thread_blocked, id=7920, stack(0x0000000027920000,0x0000000027a20000)]
  0x000000001a0ae800 JavaThread "jar transforms Thread 111" [_thread_blocked, id=3704, stack(0x0000000027820000,0x0000000027920000)]
  0x000000001a0ab800 JavaThread "jar transforms Thread 110" [_thread_blocked, id=7500, stack(0x0000000027720000,0x0000000027820000)]
  0x000000001a0b1800 JavaThread "jar transforms Thread 109" [_thread_blocked, id=10276, stack(0x0000000027620000,0x0000000027720000)]
  0x000000001a0a4000 JavaThread "jar transforms Thread 108" [_thread_blocked, id=6228, stack(0x0000000027520000,0x0000000027620000)]
  0x000000001a0ab000 JavaThread "jar transforms Thread 107" [_thread_blocked, id=1192, stack(0x0000000027420000,0x0000000027520000)]
  0x000000001a0a7000 JavaThread "jar transforms Thread 106" [_thread_blocked, id=9624, stack(0x0000000027320000,0x0000000027420000)]
  0x000000001a0a5800 JavaThread "jar transforms Thread 105" [_thread_blocked, id=5336, stack(0x0000000027220000,0x0000000027320000)]
  0x000000001a0aa000 JavaThread "jar transforms Thread 104" [_thread_blocked, id=3332, stack(0x0000000027120000,0x0000000027220000)]
  0x000000001a0a4800 JavaThread "jar transforms Thread 103" [_thread_blocked, id=3216, stack(0x0000000027020000,0x0000000027120000)]
  0x000000001a0a7800 JavaThread "jar transforms Thread 102" [_thread_blocked, id=5740, stack(0x0000000026f20000,0x0000000027020000)]
  0x000000001a0a9800 JavaThread "jar transforms Thread 101" [_thread_blocked, id=5464, stack(0x0000000026e20000,0x0000000026f20000)]
  0x000000001a0a6000 JavaThread "jar transforms Thread 100" [_thread_blocked, id=9500, stack(0x0000000026d20000,0x0000000026e20000)]
  0x000000001a0a8800 JavaThread "jar transforms Thread 99" [_thread_blocked, id=10252, stack(0x0000000026c20000,0x0000000026d20000)]
  0x000000001b14c800 JavaThread "jar transforms Thread 98" [_thread_blocked, id=1696, stack(0x0000000026b20000,0x0000000026c20000)]
  0x000000001b14a000 JavaThread "jar transforms Thread 97" [_thread_blocked, id=10592, stack(0x0000000026a20000,0x0000000026b20000)]
  0x000000001b14b800 JavaThread "jar transforms Thread 96" [_thread_blocked, id=6424, stack(0x0000000026920000,0x0000000026a20000)]
  0x000000001b149800 JavaThread "jar transforms Thread 95" [_thread_blocked, id=9616, stack(0x0000000026820000,0x0000000026920000)]
  0x000000001b148000 JavaThread "jar transforms Thread 94" [_thread_blocked, id=10428, stack(0x0000000026720000,0x0000000026820000)]
  0x000000001b14b000 JavaThread "jar transforms Thread 93" [_thread_blocked, id=7060, stack(0x0000000026620000,0x0000000026720000)]
  0x000000001b148800 JavaThread "jar transforms Thread 92" [_thread_blocked, id=3112, stack(0x0000000026520000,0x0000000026620000)]
  0x000000001b147000 JavaThread "jar transforms Thread 91" [_thread_blocked, id=1300, stack(0x0000000026420000,0x0000000026520000)]
  0x000000001b13f800 JavaThread "jar transforms Thread 90" [_thread_blocked, id=10220, stack(0x0000000026320000,0x0000000026420000)]
  0x000000001b146800 JavaThread "jar transforms Thread 89" [_thread_blocked, id=6516, stack(0x0000000026220000,0x0000000026320000)]
  0x000000001b145800 JavaThread "jar transforms Thread 88" [_thread_blocked, id=5676, stack(0x0000000026120000,0x0000000026220000)]
  0x000000001b13f000 JavaThread "jar transforms Thread 87" [_thread_blocked, id=10856, stack(0x0000000026020000,0x0000000026120000)]
  0x000000001b142000 JavaThread "jar transforms Thread 86" [_thread_blocked, id=10524, stack(0x0000000025f20000,0x0000000026020000)]
  0x000000001b142800 JavaThread "jar transforms Thread 85" [_thread_blocked, id=10296, stack(0x0000000025e20000,0x0000000025f20000)]
  0x000000001b13e000 JavaThread "jar transforms Thread 84" [_thread_blocked, id=6760, stack(0x0000000025d20000,0x0000000025e20000)]
  0x000000001b145000 JavaThread "jar transforms Thread 83" [_thread_blocked, id=1332, stack(0x0000000025c20000,0x0000000025d20000)]
  0x000000001b141000 JavaThread "jar transforms Thread 82" [_thread_blocked, id=10432, stack(0x0000000025b20000,0x0000000025c20000)]
  0x000000001b13d800 JavaThread "jar transforms Thread 81" [_thread_blocked, id=2516, stack(0x0000000025a20000,0x0000000025b20000)]
  0x000000001b144000 JavaThread "jar transforms Thread 80" [_thread_blocked, id=3744, stack(0x0000000025920000,0x0000000025a20000)]
  0x000000001b143800 JavaThread "jar transforms Thread 79" [_thread_blocked, id=8416, stack(0x0000000025820000,0x0000000025920000)]
  0x000000001b140800 JavaThread "jar transforms Thread 78" [_thread_blocked, id=11236, stack(0x0000000025720000,0x0000000025820000)]
  0x000000001a547800 JavaThread "jar transforms Thread 77" [_thread_blocked, id=3128, stack(0x0000000025620000,0x0000000025720000)]
  0x000000001a547000 JavaThread "jar transforms Thread 76" [_thread_blocked, id=1280, stack(0x0000000025520000,0x0000000025620000)]
  0x000000001a546000 JavaThread "jar transforms Thread 75" [_thread_blocked, id=9752, stack(0x0000000025420000,0x0000000025520000)]
  0x000000001a53f800 JavaThread "jar transforms Thread 74" [_thread_blocked, id=3932, stack(0x0000000025320000,0x0000000025420000)]
  0x000000001a53e800 JavaThread "jar transforms Thread 73" [_thread_blocked, id=4856, stack(0x0000000025220000,0x0000000025320000)]
  0x000000001a545800 JavaThread "jar transforms Thread 72" [_thread_blocked, id=7320, stack(0x0000000025120000,0x0000000025220000)]
  0x000000001a53e000 JavaThread "jar transforms Thread 71" [_thread_blocked, id=2692, stack(0x0000000025020000,0x0000000025120000)]
  0x000000001a544800 JavaThread "jar transforms Thread 70" [_thread_blocked, id=9200, stack(0x0000000024f20000,0x0000000025020000)]
  0x000000001a53d000 JavaThread "jar transforms Thread 69" [_thread_blocked, id=8432, stack(0x0000000024e20000,0x0000000024f20000)]
  0x000000001a544000 JavaThread "jar transforms Thread 68" [_thread_blocked, id=5664, stack(0x0000000024d20000,0x0000000024e20000)]
  0x000000001a543000 JavaThread "jar transforms Thread 67" [_thread_blocked, id=11248, stack(0x0000000024c20000,0x0000000024d20000)]
  0x000000001a542800 JavaThread "jar transforms Thread 66" [_thread_blocked, id=8708, stack(0x0000000024b20000,0x0000000024c20000)]
  0x000000001a53c800 JavaThread "jar transforms Thread 65" [_thread_blocked, id=9252, stack(0x0000000024a20000,0x0000000024b20000)]
  0x000000001a53b000 JavaThread "jar transforms Thread 64" [_thread_blocked, id=7128, stack(0x0000000024920000,0x0000000024a20000)]
  0x000000001a540000 JavaThread "jar transforms Thread 63" [_thread_blocked, id=5860, stack(0x0000000024820000,0x0000000024920000)]
  0x000000001a541000 JavaThread "jar transforms Thread 62" [_thread_blocked, id=3364, stack(0x0000000024720000,0x0000000024820000)]
  0x000000001a53b800 JavaThread "jar transforms Thread 61" [_thread_blocked, id=2372, stack(0x0000000024620000,0x0000000024720000)]
  0x000000001a541800 JavaThread "jar transforms Thread 60" [_thread_blocked, id=7888, stack(0x0000000024520000,0x0000000024620000)]
  0x000000001a538800 JavaThread "jar transforms Thread 59" [_thread_blocked, id=8944, stack(0x0000000024420000,0x0000000024520000)]
  0x000000001a539800 JavaThread "jar transforms Thread 58" [_thread_blocked, id=8872, stack(0x0000000024320000,0x0000000024420000)]
  0x000000001a53a000 JavaThread "jar transforms Thread 57" [_thread_blocked, id=3472, stack(0x0000000024220000,0x0000000024320000)]
  0x000000001bd64000 JavaThread "jar transforms Thread 56" [_thread_blocked, id=4728, stack(0x0000000024120000,0x0000000024220000)]
  0x000000001bd63000 JavaThread "jar transforms Thread 55" [_thread_blocked, id=5608, stack(0x0000000024020000,0x0000000024120000)]
  0x000000001bd62800 JavaThread "jar transforms Thread 54" [_thread_blocked, id=7720, stack(0x0000000023f20000,0x0000000024020000)]
  0x000000001bd61800 JavaThread "jar transforms Thread 53" [_thread_blocked, id=9784, stack(0x0000000023e20000,0x0000000023f20000)]
  0x000000001bd60000 JavaThread "jar transforms Thread 52" [_thread_blocked, id=6476, stack(0x0000000023d20000,0x0000000023e20000)]
  0x000000001bd5f800 JavaThread "jar transforms Thread 51" [_thread_blocked, id=6748, stack(0x0000000023c20000,0x0000000023d20000)]
  0x000000001bd5e800 JavaThread "jar transforms Thread 50" [_thread_blocked, id=1820, stack(0x0000000023b20000,0x0000000023c20000)]
  0x000000001bd61000 JavaThread "jar transforms Thread 49" [_thread_blocked, id=9328, stack(0x0000000023a20000,0x0000000023b20000)]
  0x000000001bd58800 JavaThread "jar transforms Thread 48" [_thread_blocked, id=8068, stack(0x0000000023920000,0x0000000023a20000)]
  0x000000001bd5e000 JavaThread "jar transforms Thread 47" [_thread_blocked, id=4760, stack(0x0000000023820000,0x0000000023920000)]
  0x000000001bd5d000 JavaThread "jar transforms Thread 46" [_thread_blocked, id=1204, stack(0x0000000023720000,0x0000000023820000)]
  0x000000001bd5c800 JavaThread "jar transforms Thread 45" [_thread_blocked, id=6104, stack(0x0000000023620000,0x0000000023720000)]
  0x000000001bd5b000 JavaThread "jar transforms Thread 44" [_thread_blocked, id=6004, stack(0x0000000023520000,0x0000000023620000)]
  0x000000001bd56800 JavaThread "jar transforms Thread 43" [_thread_blocked, id=3028, stack(0x0000000023420000,0x0000000023520000)]
  0x000000001bd58000 JavaThread "jar transforms Thread 42" [_thread_blocked, id=9880, stack(0x0000000023320000,0x0000000023420000)]
  0x000000001bd55000 JavaThread "jar transforms Thread 41" [_thread_blocked, id=1972, stack(0x0000000023220000,0x0000000023320000)]
  0x000000001bd5a000 JavaThread "jar transforms Thread 40" [_thread_blocked, id=9636, stack(0x0000000023120000,0x0000000023220000)]
  0x000000001bd5b800 JavaThread "jar transforms Thread 39" [_thread_blocked, id=6884, stack(0x0000000023020000,0x0000000023120000)]
  0x000000001bd57000 JavaThread "jar transforms Thread 38" [_thread_blocked, id=4832, stack(0x0000000022f20000,0x0000000023020000)]
  0x000000001bd55800 JavaThread "jar transforms Thread 37" [_thread_blocked, id=9460, stack(0x0000000022e20000,0x0000000022f20000)]
  0x000000001bd59800 JavaThread "jar transforms Thread 36" [_thread_blocked, id=10420, stack(0x0000000022d20000,0x0000000022e20000)]
  0x000000001e2e0000 JavaThread "jar transforms Thread 35" [_thread_blocked, id=10136, stack(0x0000000022c20000,0x0000000022d20000)]
  0x000000001e2e5000 JavaThread "jar transforms Thread 34" [_thread_blocked, id=8004, stack(0x0000000022b20000,0x0000000022c20000)]
  0x000000001e2dd800 JavaThread "jar transforms Thread 33" [_thread_blocked, id=9184, stack(0x0000000022a20000,0x0000000022b20000)]
  0x000000001e2e4800 JavaThread "jar transforms Thread 32" [_thread_blocked, id=2844, stack(0x0000000022920000,0x0000000022a20000)]
  0x000000001e2dd000 JavaThread "jar transforms Thread 31" [_thread_blocked, id=6072, stack(0x0000000022820000,0x0000000022920000)]
  0x000000001e2e0800 JavaThread "jar transforms Thread 30" [_thread_blocked, id=4948, stack(0x0000000022720000,0x0000000022820000)]
  0x000000001e2e1800 JavaThread "jar transforms Thread 29" [_thread_blocked, id=192, stack(0x0000000022620000,0x0000000022720000)]
  0x000000001e2df000 JavaThread "jar transforms Thread 28" [_thread_blocked, id=10772, stack(0x0000000022520000,0x0000000022620000)]
  0x000000001e2e3800 JavaThread "jar transforms Thread 27" [_thread_blocked, id=10528, stack(0x0000000022420000,0x0000000022520000)]
  0x000000001e2dc000 JavaThread "jar transforms Thread 26" [_thread_blocked, id=5824, stack(0x0000000022320000,0x0000000022420000)]
  0x000000001e2e3000 JavaThread "jar transforms Thread 25" [_thread_blocked, id=2348, stack(0x0000000022220000,0x0000000022320000)]
  0x000000001e2e2000 JavaThread "jar transforms Thread 24" [_thread_blocked, id=8296, stack(0x0000000022120000,0x0000000022220000)]
  0x000000001e2de800 JavaThread "jar transforms Thread 23" [_thread_blocked, id=8424, stack(0x0000000022020000,0x0000000022120000)]
  0x000000001e2d6000 JavaThread "jar transforms Thread 22" [_thread_blocked, id=11260, stack(0x0000000021f20000,0x0000000022020000)]
  0x000000001e2da800 JavaThread "jar transforms Thread 21" [_thread_blocked, id=6528, stack(0x0000000021e20000,0x0000000021f20000)]
  0x000000001e2d7800 JavaThread "jar transforms Thread 20" [_thread_blocked, id=892, stack(0x0000000021d20000,0x0000000021e20000)]
  0x000000001e2da000 JavaThread "jar transforms Thread 19" [_thread_blocked, id=10968, stack(0x0000000021c20000,0x0000000021d20000)]
  0x000000001e2d7000 JavaThread "jar transforms Thread 18" [_thread_blocked, id=6112, stack(0x0000000021b20000,0x0000000021c20000)]
  0x000000001e2d9000 JavaThread "jar transforms Thread 17" [_thread_blocked, id=7696, stack(0x0000000021a20000,0x0000000021b20000)]
  0x000000001e2db800 JavaThread "jar transforms Thread 16" [_thread_blocked, id=10616, stack(0x0000000021920000,0x0000000021a20000)]
  0x000000001e2d8800 JavaThread "jar transforms Thread 15" [_thread_blocked, id=11164, stack(0x0000000021820000,0x0000000021920000)]
  0x000000001bad0000 JavaThread "jar transforms Thread 14" [_thread_blocked, id=10328, stack(0x0000000021720000,0x0000000021820000)]
  0x000000001bacf000 JavaThread "jar transforms Thread 13" [_thread_blocked, id=6812, stack(0x0000000021620000,0x0000000021720000)]
  0x000000001bad5000 JavaThread "jar transforms Thread 12" [_thread_blocked, id=4912, stack(0x0000000021520000,0x0000000021620000)]
  0x000000001bad3800 JavaThread "jar transforms Thread 11" [_thread_blocked, id=420, stack(0x0000000021420000,0x0000000021520000)]
  0x000000001bad3000 JavaThread "jar transforms Thread 10" [_thread_blocked, id=5548, stack(0x0000000021320000,0x0000000021420000)]
  0x000000001bad1800 JavaThread "jar transforms Thread 9" [_thread_blocked, id=5260, stack(0x0000000021220000,0x0000000021320000)]
  0x000000001bace800 JavaThread "jar transforms Thread 8" [_thread_blocked, id=11204, stack(0x0000000021120000,0x0000000021220000)]
  0x000000001bad4800 JavaThread "jar transforms Thread 7" [_thread_blocked, id=5128, stack(0x0000000021020000,0x0000000021120000)]
  0x000000001bad0800 JavaThread "jar transforms Thread 6" [_thread_blocked, id=8784, stack(0x0000000020f20000,0x0000000021020000)]
  0x000000001bad2000 JavaThread "jar transforms Thread 5" [_thread_blocked, id=8292, stack(0x0000000020e20000,0x0000000020f20000)]
  0x000000001bac7000 JavaThread "jar transforms Thread 4" [_thread_blocked, id=5668, stack(0x0000000020d20000,0x0000000020e20000)]
  0x000000001bacd800 JavaThread "jar transforms Thread 3" [_thread_blocked, id=9912, stack(0x0000000020c20000,0x0000000020d20000)]
  0x000000001bac8800 JavaThread "jar transforms Thread 2" [_thread_blocked, id=7748, stack(0x0000000020b20000,0x0000000020c20000)]
  0x000000001bacc000 JavaThread "Build operations Thread 4" [_thread_blocked, id=2120, stack(0x0000000020a20000,0x0000000020b20000)]
  0x000000001bacb800 JavaThread "Build operations Thread 3" [_thread_blocked, id=6208, stack(0x0000000020920000,0x0000000020a20000)]
  0x000000001baca800 JavaThread "Build operations Thread 2" [_thread_blocked, id=4412, stack(0x0000000020820000,0x0000000020920000)]
  0x000000001baca000 JavaThread "Build operations" [_thread_blocked, id=8660, stack(0x0000000020720000,0x0000000020820000)]
  0x000000001a974800 JavaThread "Cache worker for file content cache (C:\Users\Lenovo\.gradle\caches\6.5\fileContent)" [_thread_blocked, id=5780, stack(0x0000000020020000,0x0000000020120000)]
  0x000000001a973000 JavaThread "jar transforms" [_thread_blocked, id=9732, stack(0x000000001ff20000,0x0000000020020000)]
  0x000000001a972800 JavaThread "Cache worker for execution history cache (C:\Users\Lenovo\.gradle\caches\6.5\executionHistory)" [_thread_blocked, id=9424, stack(0x000000001f820000,0x000000001f920000)]
  0x000000001a971800 JavaThread "Cache worker for cache directory md-rule (C:\Users\Lenovo\.gradle\caches\6.5\md-rule)" [_thread_blocked, id=9992, stack(0x000000001f720000,0x000000001f820000)]
  0x000000001a975800 JavaThread "Cache worker for cache directory md-supplier (C:\Users\Lenovo\.gradle\caches\6.5\md-supplier)" [_thread_blocked, id=7200, stack(0x000000001f620000,0x000000001f720000)]
  0x000000001a978800 JavaThread "Cache worker for checksums cache (C:\Users\Lenovo\AndroidStudioProjects\DiceClicker\.gradle\checksums)" [_thread_blocked, id=8988, stack(0x000000001f520000,0x000000001f620000)]
  0x000000001a977800 JavaThread "Cache worker for file hash cache (C:\Users\Lenovo\AndroidStudioProjects\DiceClicker\.gradle\6.5\fileHashes)" [_thread_blocked, id=5900, stack(0x000000001f220000,0x000000001f320000)]
  0x000000001a976000 JavaThread "Cache worker for file hash cache (C:\Users\Lenovo\.gradle\caches\6.5\fileHashes)" [_thread_blocked, id=8924, stack(0x000000001dd50000,0x000000001de50000)]
  0x000000001a974000 JavaThread "File lock request listener" [_thread_in_native, id=9852, stack(0x000000001dc50000,0x000000001dd50000)]
  0x00000000198d9000 JavaThread "Cache worker for journal cache (C:\Users\Lenovo\.gradle\caches\journal-1)" [_thread_blocked, id=3984, stack(0x000000001da50000,0x000000001db50000)]
  0x000000001986f000 JavaThread "Thread-9" [_thread_blocked, id=9612, stack(0x000000001d750000,0x000000001d850000)]
  0x000000001a475000 JavaThread "Stdin handler" [_thread_blocked, id=6260, stack(0x000000001d650000,0x000000001d750000)]
  0x000000001b805000 JavaThread "Asynchronous log dispatcher for DefaultDaemonConnection: socket connection from /127.0.0.1:53021 to /127.0.0.1:53022" [_thread_blocked, id=11060, stack(0x000000001d550000,0x000000001d650000)]
  0x000000001b7cb000 JavaThread "Daemon worker" [_thread_blocked, id=11000, stack(0x000000001d450000,0x000000001d550000)]
  0x000000001b7ca000 JavaThread "Cancel handler" [_thread_blocked, id=9716, stack(0x000000001d350000,0x000000001d450000)]
  0x000000001b7b3000 JavaThread "Handler for socket connection from /127.0.0.1:53021 to /127.0.0.1:53022" [_thread_in_native, id=7440, stack(0x000000001d250000,0x000000001d350000)]
  0x000000001b7b2800 JavaThread "Daemon" [_thread_blocked, id=8244, stack(0x000000001d150000,0x000000001d250000)]
  0x000000001b730800 JavaThread "Daemon periodic checks" [_thread_blocked, id=2540, stack(0x000000001ce50000,0x000000001cf50000)]
  0x000000001b72e000 JavaThread "Incoming local TCP Connector on port 53021" [_thread_in_native, id=10364, stack(0x000000001cc10000,0x000000001cd10000)]
  0x000000001b1f1800 JavaThread "Daemon health stats" [_thread_blocked, id=6924, stack(0x000000001c5d0000,0x000000001c6d0000)]
  0x0000000019663800 JavaThread "Service Thread" daemon [_thread_blocked, id=10984, stack(0x0000000019a30000,0x0000000019b30000)]
  0x0000000017ce2800 JavaThread "C1 CompilerThread2" daemon [_thread_blocked, id=9704, stack(0x0000000019530000,0x0000000019630000)]
  0x0000000017cda000 JavaThread "C2 CompilerThread1" daemon [_thread_in_native, id=9060, stack(0x0000000019430000,0x0000000019530000)]
=>0x0000000017cd6000 JavaThread "C2 CompilerThread0" daemon [_thread_in_native, id=7188, stack(0x0000000019330000,0x0000000019430000)]
  0x0000000017cd4800 JavaThread "Attach Listener" daemon [_thread_blocked, id=4468, stack(0x0000000019230000,0x0000000019330000)]
  0x0000000017cd3000 JavaThread "Signal Dispatcher" daemon [_thread_blocked, id=7244, stack(0x0000000019130000,0x0000000019230000)]
  0x00000000030ab000 JavaThread "Finalizer" daemon [_thread_blocked, id=6076, stack(0x0000000018f30000,0x0000000019030000)]
  0x0000000017cb9000 JavaThread "Reference Handler" daemon [_thread_blocked, id=7036, stack(0x0000000018e30000,0x0000000018f30000)]
  0x000000000110e800 JavaThread "main" [_thread_blocked, id=1784, stack(0x0000000002e20000,0x0000000002f20000)]

Other Threads:
  0x0000000017c96000 VMThread [stack: 0x0000000018d30000,0x0000000018e30000] [id=4972]
  0x0000000019664000 WatcherThread [stack: 0x0000000019b30000,0x0000000019c30000] [id=10520]

VM state:not at safepoint (normal execution)

VM Mutex/Monitor currently owned by a thread: None

heap address: 0x0000000080000000, size: 2048 MB, Compressed Oops mode: 32-bit
Narrow klass base: 0x0000000000000000, Narrow klass shift: 3
Compressed class space size: 1073741824 Address: 0x0000000100000000

Heap:
 PSYoungGen      total 171520K, used 73378K [0x00000000d5580000, 0x00000000e3400000, 0x0000000100000000)
  eden space 151552K, 35% used [0x00000000d5580000,0x00000000d89ac358,0x00000000de980000)
  from space 19968K, 99% used [0x00000000de980000,0x00000000dfcfc858,0x00000000dfd00000)
  to   space 27136K, 0% used [0x00000000e1980000,0x00000000e1980000,0x00000000e3400000)
 ParOldGen       total 95232K, used 46617K [0x0000000080000000, 0x0000000085d00000, 0x00000000d5580000)
  object space 95232K, 48% used [0x0000000080000000,0x0000000082d86768,0x0000000085d00000)
 Metaspace       used 70328K, capacity 73538K, committed 73624K, reserved 1112064K
  class space    used 9517K, capacity 10136K, committed 10152K, reserved 1048576K

Card table byte_map: [0x0000000012470000,0x0000000012880000] byte_map_base: 0x0000000012070000

Marking Bits: (ParMarkBitMap*) 0x00000000698cf030
 Begin Bits: [0x0000000012f30000, 0x0000000014f30000)
 End Bits:   [0x0000000014f30000, 0x0000000016f30000)

Polling page: 0x0000000002f20000

CodeCache: size=245760Kb used=25160Kb max_used=25172Kb free=220599Kb
 bounds [0x00000000030b0000, 0x0000000004960000, 0x00000000120b0000]
 total_blobs=8652 nmethods=7722 adapters=842
 compilation: enabled

Compilation events (10 events):
Event: 52.544 Thread 0x0000000017ce2800 8797       3       com.google.gson.stream.JsonWriter::value (24 bytes)
Event: 52.545 Thread 0x0000000017ce2800 nmethod 8797 0x0000000004953f10 code [0x00000000049540c0, 0x00000000049544c8]
Event: 52.545 Thread 0x0000000017ce2800 8798   !   3       java.io.BufferedWriter::write (55 bytes)
Event: 52.546 Thread 0x0000000017ce2800 nmethod 8798 0x0000000004958a50 code [0x0000000004958c00, 0x0000000004959138]
Event: 52.548 Thread 0x0000000017ce2800 8799       3       com.google.gson.stream.JsonWriter::beforeName (47 bytes)
Event: 52.549 Thread 0x0000000017cda000 nmethod 8794 0x000000000495c6d0 code [0x000000000495c820, 0x000000000495ce78]
Event: 52.549 Thread 0x0000000017cda000 8796       4       java.io.Writer::write (11 bytes)
Event: 52.549 Thread 0x0000000017ce2800 nmethod 8799 0x000000000495bc50 code [0x000000000495be20, 0x000000000495c3d8]
Event: 52.556 Thread 0x0000000017cda000 nmethod 8796 0x0000000004959c10 code [0x0000000004959d60, 0x000000000495a2f8]
Event: 52.561 Thread 0x0000000017cda000 8800       4       com.google.gson.stream.JsonWriter::string (169 bytes)

GC Heap History (10 events):
Event: 30.463 GC heap before
{Heap before GC invocations=16 (full 2):
 PSYoungGen      total 108544K, used 106093K [0x00000000d5580000, 0x00000000de400000, 0x0000000100000000)
  eden space 99328K, 100% used [0x00000000d5580000,0x00000000db680000,0x00000000db680000)
  from space 9216K, 73% used [0x00000000db680000,0x00000000dbd1b410,0x00000000dbf80000)
  to   space 9728K, 0% used [0x00000000dda80000,0x00000000dda80000,0x00000000de400000)
 ParOldGen       total 54272K, used 14935K [0x0000000080000000, 0x0000000083500000, 0x00000000d5580000)
  object space 54272K, 27% used [0x0000000080000000,0x0000000080e95e70,0x0000000083500000)
 Metaspace       used 47426K, capacity 49312K, committed 49576K, reserved 1091584K
  class space    used 6391K, capacity 6756K, committed 6824K, reserved 1048576K
Event: 30.491 GC heap after
Heap after GC invocations=16 (full 2):
 PSYoungGen      total 132608K, used 9724K [0x00000000d5580000, 0x00000000de900000, 0x0000000100000000)
  eden space 122880K, 0% used [0x00000000d5580000,0x00000000d5580000,0x00000000dcd80000)
  from space 9728K, 99% used [0x00000000dda80000,0x00000000de3ff2f0,0x00000000de400000)
  to   space 13312K, 0% used [0x00000000dcd80000,0x00000000dcd80000,0x00000000dda80000)
 ParOldGen       total 54272K, used 22238K [0x0000000080000000, 0x0000000083500000, 0x00000000d5580000)
  object space 54272K, 40% used [0x0000000080000000,0x00000000815b7ba8,0x0000000083500000)
 Metaspace       used 47426K, capacity 49312K, committed 49576K, reserved 1091584K
  class space    used 6391K, capacity 6756K, committed 6824K, reserved 1048576K
}
Event: 33.460 GC heap before
{Heap before GC invocations=17 (full 2):
 PSYoungGen      total 132608K, used 124886K [0x00000000d5580000, 0x00000000de900000, 0x0000000100000000)
  eden space 122880K, 93% used [0x00000000d5580000,0x00000000dc5f6778,0x00000000dcd80000)
  from space 9728K, 99% used [0x00000000dda80000,0x00000000de3ff2f0,0x00000000de400000)
  to   space 13312K, 0% used [0x00000000dcd80000,0x00000000dcd80000,0x00000000dda80000)
 ParOldGen       total 54272K, used 22238K [0x0000000080000000, 0x0000000083500000, 0x00000000d5580000)
  object space 54272K, 40% used [0x0000000080000000,0x00000000815b7ba8,0x0000000083500000)
 Metaspace       used 56910K, capacity 59072K, committed 59160K, reserved 1099776K
  class space    used 7703K, capacity 8151K, committed 8232K, reserved 1048576K
Event: 33.492 GC heap after
Heap after GC invocations=17 (full 2):
 PSYoungGen      total 136192K, used 13308K [0x00000000d5580000, 0x00000000e1180000, 0x0000000100000000)
  eden space 122880K, 0% used [0x00000000d5580000,0x00000000d5580000,0x00000000dcd80000)
  from space 13312K, 99% used [0x00000000dcd80000,0x00000000dda7f110,0x00000000dda80000)
  to   space 19456K, 0% used [0x00000000dfe80000,0x00000000dfe80000,0x00000000e1180000)
 ParOldGen       total 54272K, used 32682K [0x0000000080000000, 0x0000000083500000, 0x00000000d5580000)
  object space 54272K, 60% used [0x0000000080000000,0x0000000081feaaf8,0x0000000083500000)
 Metaspace       used 56910K, capacity 59072K, committed 59160K, reserved 1099776K
  class space    used 7703K, capacity 8151K, committed 8232K, reserved 1048576K
}
Event: 33.492 GC heap before
{Heap before GC invocations=18 (full 3):
 PSYoungGen      total 136192K, used 13308K [0x00000000d5580000, 0x00000000e1180000, 0x0000000100000000)
  eden space 122880K, 0% used [0x00000000d5580000,0x00000000d5580000,0x00000000dcd80000)
  from space 13312K, 99% used [0x00000000dcd80000,0x00000000dda7f110,0x00000000dda80000)
  to   space 19456K, 0% used [0x00000000dfe80000,0x00000000dfe80000,0x00000000e1180000)
 ParOldGen       total 54272K, used 32682K [0x0000000080000000, 0x0000000083500000, 0x00000000d5580000)
  object space 54272K, 60% used [0x0000000080000000,0x0000000081feaaf8,0x0000000083500000)
 Metaspace       used 56910K, capacity 59072K, committed 59160K, reserved 1099776K
  class space    used 7703K, capacity 8151K, committed 8232K, reserved 1048576K
Event: 33.799 GC heap after
Heap after GC invocations=18 (full 3):
 PSYoungGen      total 136192K, used 0K [0x00000000d5580000, 0x00000000e1180000, 0x0000000100000000)
  eden space 122880K, 0% used [0x00000000d5580000,0x00000000d5580000,0x00000000dcd80000)
  from space 13312K, 0% used [0x00000000dcd80000,0x00000000dcd80000,0x00000000dda80000)
  to   space 19456K, 0% used [0x00000000dfe80000,0x00000000dfe80000,0x00000000e1180000)
 ParOldGen       total 95232K, used 36566K [0x0000000080000000, 0x0000000085d00000, 0x00000000d5580000)
  object space 95232K, 38% used [0x0000000080000000,0x00000000823b5810,0x0000000085d00000)
 Metaspace       used 56890K, capacity 59006K, committed 59160K, reserved 1099776K
  class space    used 7697K, capacity 8140K, committed 8232K, reserved 1048576K
}
Event: 38.909 GC heap before
{Heap before GC invocations=19 (full 3):
 PSYoungGen      total 136192K, used 122880K [0x00000000d5580000, 0x00000000e1180000, 0x0000000100000000)
  eden space 122880K, 100% used [0x00000000d5580000,0x00000000dcd80000,0x00000000dcd80000)
  from space 13312K, 0% used [0x00000000dcd80000,0x00000000dcd80000,0x00000000dda80000)
  to   space 19456K, 0% used [0x00000000dfe80000,0x00000000dfe80000,0x00000000e1180000)
 ParOldGen       total 95232K, used 36566K [0x0000000080000000, 0x0000000085d00000, 0x00000000d5580000)
  object space 95232K, 38% used [0x0000000080000000,0x00000000823b5810,0x0000000085d00000)
 Metaspace       used 65001K, capacity 67746K, committed 67992K, reserved 1107968K
  class space    used 8972K, capacity 9550K, committed 9640K, reserved 1048576K
Event: 38.946 GC heap after
Heap after GC invocations=19 (full 3):
 PSYoungGen      total 169984K, used 13099K [0x00000000d5580000, 0x00000000e1080000, 0x0000000100000000)
  eden space 151552K, 0% used [0x00000000d5580000,0x00000000d5580000,0x00000000de980000)
  from space 18432K, 71% used [0x00000000dfe80000,0x00000000e0b4af08,0x00000000e1080000)
  to   space 19968K, 0% used [0x00000000de980000,0x00000000de980000,0x00000000dfd00000)
 ParOldGen       total 95232K, used 36574K [0x0000000080000000, 0x0000000085d00000, 0x00000000d5580000)
  object space 95232K, 38% used [0x0000000080000000,0x00000000823b7810,0x0000000085d00000)
 Metaspace       used 65001K, capacity 67746K, committed 67992K, reserved 1107968K
  class space    used 8972K, capacity 9550K, committed 9640K, reserved 1048576K
}
Event: 48.699 GC heap before
{Heap before GC invocations=20 (full 3):
 PSYoungGen      total 169984K, used 164651K [0x00000000d5580000, 0x00000000e1080000, 0x0000000100000000)
  eden space 151552K, 100% used [0x00000000d5580000,0x00000000de980000,0x00000000de980000)
  from space 18432K, 71% used [0x00000000dfe80000,0x00000000e0b4af08,0x00000000e1080000)
  to   space 19968K, 0% used [0x00000000de980000,0x00000000de980000,0x00000000dfd00000)
 ParOldGen       total 95232K, used 36574K [0x0000000080000000, 0x0000000085d00000, 0x00000000d5580000)
  object space 95232K, 38% used [0x0000000080000000,0x00000000823b7810,0x0000000085d00000)
 Metaspace       used 67024K, capacity 70058K, committed 70296K, reserved 1110016K
  class space    used 9173K, capacity 9776K, committed 9896K, reserved 1048576K
Event: 48.762 GC heap after
Heap after GC invocations=20 (full 3):
 PSYoungGen      total 171520K, used 19954K [0x00000000d5580000, 0x00000000e3400000, 0x0000000100000000)
  eden space 151552K, 0% used [0x00000000d5580000,0x00000000d5580000,0x00000000de980000)
  from space 19968K, 99% used [0x00000000de980000,0x00000000dfcfc858,0x00000000dfd00000)
  to   space 27136K, 0% used [0x00000000e1980000,0x00000000e1980000,0x00000000e3400000)
 ParOldGen       total 95232K, used 46617K [0x0000000080000000, 0x0000000085d00000, 0x00000000d5580000)
  object space 95232K, 48% used [0x0000000080000000,0x0000000082d86768,0x0000000085d00000)
 Metaspace       used 67024K, capacity 70058K, committed 70296K, reserved 1110016K
  class space    used 9173K, capacity 9776K, committed 9896K, reserved 1048576K
}

Deoptimization events (10 events):
Event: 51.021 Thread 0x000000001aa62800 Uncommon trap: reason=unstable_if action=reinterpret pc=0x00000000047f52d0 method=sun.nio.cs.UTF_8$Encoder.encodeArrayLoop(Ljava/nio/CharBuffer;Ljava/nio/ByteBuffer;)Ljava/nio/charset/CoderResult; @ 400
Event: 51.630 Thread 0x000000001aa67800 Uncommon trap: reason=bimorphic action=maybe_recompile pc=0x0000000003efea80 method=java.util.Hashtable.addEntry(ILjava/lang/Object;Ljava/lang/Object;I)V @ 38
Event: 51.924 Thread 0x000000001aa67800 Uncommon trap: reason=class_check action=maybe_recompile pc=0x00000000047df2c0 method=com.sun.org.apache.xerces.internal.dom.NamedNodeMapImpl.item(I)Lorg/w3c/dom/Node; @ 33
Event: 51.924 Thread 0x000000001aa67800 Uncommon trap: reason=class_check action=maybe_recompile pc=0x00000000047df2c0 method=com.sun.org.apache.xerces.internal.dom.NamedNodeMapImpl.item(I)Lorg/w3c/dom/Node; @ 33
Event: 51.924 Thread 0x000000001aa67800 Uncommon trap: reason=class_check action=maybe_recompile pc=0x00000000047df2c0 method=com.sun.org.apache.xerces.internal.dom.NamedNodeMapImpl.item(I)Lorg/w3c/dom/Node; @ 33
Event: 51.924 Thread 0x000000001aa67800 Uncommon trap: reason=class_check action=maybe_recompile pc=0x00000000047df2c0 method=com.sun.org.apache.xerces.internal.dom.NamedNodeMapImpl.item(I)Lorg/w3c/dom/Node; @ 33
Event: 51.957 Thread 0x000000001aa68800 Uncommon trap: reason=bimorphic action=maybe_recompile pc=0x0000000003efea80 method=java.util.Hashtable.addEntry(ILjava/lang/Object;Ljava/lang/Object;I)V @ 38
Event: 52.138 Thread 0x000000001aa62800 Uncommon trap: reason=class_check action=maybe_recompile pc=0x00000000048273f0 method=com.sun.org.apache.xerces.internal.dom.NamedNodeMapImpl.item(I)Lorg/w3c/dom/Node; @ 33
Event: 52.138 Thread 0x000000001aa62800 Uncommon trap: reason=class_check action=maybe_recompile pc=0x000000000482da3c method=com.sun.org.apache.xerces.internal.dom.NamedNodeMapImpl.item(I)Lorg/w3c/dom/Node; @ 33
Event: 52.138 Thread 0x000000001aa62800 Uncommon trap: reason=class_check action=maybe_recompile pc=0x00000000048470fc method=com.sun.org.apache.xerces.internal.dom.NamedNodeMapImpl.item(I)Lorg/w3c/dom/Node; @ 33

Classes redefined (0 events):
No events

Internal exceptions (10 events):
Event: 49.612 Thread 0x000000001aa62800 Exception <a 'java/lang/NoSuchMethodError': <clinit>> (0x00000000d5efac60) thrown at [C:\src\AOSP-openjdk-git\hotspot\src\share\vm\prims\jni.cpp, line 1615]
Event: 49.615 Thread 0x000000001aa62800 Exception <a 'java/lang/NoSuchMethodError': <clinit>> (0x00000000d5f12168) thrown at [C:\src\AOSP-openjdk-git\hotspot\src\share\vm\prims\jni.cpp, line 1615]
Event: 49.617 Thread 0x000000001aa62800 Exception <a 'java/lang/NoSuchMethodError': <clinit>> (0x00000000d5f27b78) thrown at [C:\src\AOSP-openjdk-git\hotspot\src\share\vm\prims\jni.cpp, line 1615]
Event: 49.622 Thread 0x000000001aa62800 Exception <a 'java/lang/NoSuchMethodError': <clinit>> (0x00000000d5f45358) thrown at [C:\src\AOSP-openjdk-git\hotspot\src\share\vm\prims\jni.cpp, line 1615]
Event: 49.625 Thread 0x000000001aa62800 Exception <a 'java/lang/NoSuchMethodError': <clinit>> (0x00000000d5f585d0) thrown at [C:\src\AOSP-openjdk-git\hotspot\src\share\vm\prims\jni.cpp, line 1615]
Event: 49.691 Thread 0x000000001aa62800 Exception <a 'java/lang/NoSuchMethodError': <clinit>> (0x00000000d622dad8) thrown at [C:\src\AOSP-openjdk-git\hotspot\src\share\vm\prims\jni.cpp, line 1615]
Event: 50.056 Thread 0x000000001aa62800 Implicit null exception at 0x00000000047e53a3 to 0x00000000047e781d
Event: 50.056 Thread 0x000000001aa62800 Implicit null exception at 0x00000000047925d7 to 0x0000000004792935
Event: 50.451 Thread 0x000000001aa61000 Exception <a 'java/io/FileNotFoundException'> (0x00000000d6b545b8) thrown at [C:\src\AOSP-openjdk-git\hotspot\src\share\vm\prims\jni.cpp, line 710]
Event: 50.943 Thread 0x000000001aa67800 Exception <a 'java/io/FileNotFoundException'> (0x00000000d77628f0) thrown at [C:\src\AOSP-openjdk-git\hotspot\src\share\vm\prims\jni.cpp, line 710]

Events (10 events):
Event: 52.450 loading class com/google/common/cache/LocalCache$WriteThroughEntry
Event: 52.450 loading class com/google/common/cache/LocalCache$WriteThroughEntry done
Event: 52.455 loading class java/util/concurrent/ConcurrentHashMap$EntryIterator
Event: 52.455 loading class java/util/concurrent/ConcurrentHashMap$EntryIterator done
Event: 52.455 loading class java/util/concurrent/ConcurrentHashMap$MapEntry
Event: 52.456 loading class java/util/concurrent/ConcurrentHashMap$MapEntry done
Event: 52.457 loading class com/android/ide/common/blame/MergingLogPersistUtil$SourcePositionsSerializer
Event: 52.457 loading class com/android/ide/common/blame/MergingLogPersistUtil$SourcePositionsSerializer done
Event: 52.457 loading class com/android/ide/common/blame/MergingLogPersistUtil$SourcePositionsSerializer$Kind
Event: 52.457 loading class com/android/ide/common/blame/MergingLogPersistUtil$SourcePositionsSerializer$Kind done


Dynamic libraries:
0x00007ff79e260000 - 0x00007ff79e291000 	C:\Program Files\Android\Android Studio\jre\bin\java.exe
0x00007ff9f0290000 - 0x00007ff9f0485000 	C:\WINDOWS\SYSTEM32\ntdll.dll
0x00007ff9ee690000 - 0x00007ff9ee74d000 	C:\WINDOWS\System32\KERNEL32.DLL
0x00007ff9ed9d0000 - 0x00007ff9edc98000 	C:\WINDOWS\System32\KERNELBASE.dll
0x00007ff9eed50000 - 0x00007ff9eedfc000 	C:\WINDOWS\System32\ADVAPI32.dll
0x00007ff9efbc0000 - 0x00007ff9efc5e000 	C:\WINDOWS\System32\msvcrt.dll
0x00007ff9eee00000 - 0x00007ff9eee9b000 	C:\WINDOWS\System32\sechost.dll
0x00007ff9ee880000 - 0x00007ff9ee9ab000 	C:\WINDOWS\System32\RPCRT4.dll
0x00007ff9efa20000 - 0x00007ff9efbc0000 	C:\WINDOWS\System32\USER32.dll
0x00007ff9ee2c0000 - 0x00007ff9ee2e2000 	C:\WINDOWS\System32\win32u.dll
0x00007ff9f01a0000 - 0x00007ff9f01ca000 	C:\WINDOWS\System32\GDI32.dll
0x00007ff9edca0000 - 0x00007ff9eddab000 	C:\WINDOWS\System32\gdi32full.dll
0x00007ff9edf10000 - 0x00007ff9edfad000 	C:\WINDOWS\System32\msvcp_win.dll
0x00007ff9ede10000 - 0x00007ff9edf10000 	C:\WINDOWS\System32\ucrtbase.dll
0x00007ff9d7aa0000 - 0x00007ff9d7d3a000 	C:\WINDOWS\WinSxS\amd64_microsoft.windows.common-controls_6595b64144ccf1df_6.0.19041.844_none_ca00b6081b84eb1d\COMCTL32.dll
0x00007ff9ee9c0000 - 0x00007ff9ee9f0000 	C:\WINDOWS\System32\IMM32.DLL
0x0000000068f40000 - 0x0000000069012000 	C:\Program Files\Android\Android Studio\jre\jre\bin\msvcr100.dll
0x0000000069100000 - 0x000000006994b000 	C:\Program Files\Android\Android Studio\jre\jre\bin\server\jvm.dll
0x00007ff9ee9b0000 - 0x00007ff9ee9b8000 	C:\WINDOWS\System32\PSAPI.DLL
0x00007ff9e4b60000 - 0x00007ff9e4b6a000 	C:\WINDOWS\SYSTEM32\VERSION.dll
0x00007ff9df990000 - 0x00007ff9df9b7000 	C:\WINDOWS\SYSTEM32\WINMM.dll
0x00007ff9e9950000 - 0x00007ff9e9959000 	C:\WINDOWS\SYSTEM32\WSOCK32.dll
0x00007ff9ef800000 - 0x00007ff9ef86b000 	C:\WINDOWS\System32\WS2_32.dll
0x00007ff9e96b0000 - 0x00007ff9e96bf000 	C:\Program Files\Android\Android Studio\jre\jre\bin\verify.dll
0x00007ff9e8080000 - 0x00007ff9e80a9000 	C:\Program Files\Android\Android Studio\jre\jre\bin\java.dll
0x00007ff9e8f00000 - 0x00007ff9e8f16000 	C:\Program Files\Android\Android Studio\jre\jre\bin\zip.dll
0x00007ff9ef0b0000 - 0x00007ff9ef7f2000 	C:\WINDOWS\System32\SHELL32.dll
0x00007ff9ebb20000 - 0x00007ff9ec2b1000 	C:\WINDOWS\SYSTEM32\windows.storage.dll
0x00007ff9ee9f0000 - 0x00007ff9eed45000 	C:\WINDOWS\System32\combase.dll
0x00007ff9ed440000 - 0x00007ff9ed46c000 	C:\WINDOWS\SYSTEM32\Wldp.dll
0x00007ff9efc80000 - 0x00007ff9efd2e000 	C:\WINDOWS\System32\SHCORE.dll
0x00007ff9eefb0000 - 0x00007ff9ef005000 	C:\WINDOWS\System32\shlwapi.dll
0x00007ff9ed910000 - 0x00007ff9ed92f000 	C:\WINDOWS\SYSTEM32\profapi.dll
0x00007ff9e7d00000 - 0x00007ff9e7d1a000 	C:\Program Files\Android\Android Studio\jre\jre\bin\net.dll
0x00007ff9ed1b0000 - 0x00007ff9ed21a000 	C:\WINDOWS\system32\mswsock.dll
0x00007ff9e7ce0000 - 0x00007ff9e7cf3000 	C:\Program Files\Android\Android Studio\jre\jre\bin\nio.dll
0x00007ff9db6e0000 - 0x00007ff9db707000 	C:\Users\Lenovo\.gradle\native\f6784746aeab05261644944871eae4fe03e0ef1612fff0a4a95f87b438bc6780\windows-amd64\native-platform.dll
0x00007ff9e95e0000 - 0x00007ff9e95ed000 	C:\Program Files\Android\Android Studio\jre\jre\bin\management.dll
0x00007ff9ed380000 - 0x00007ff9ed398000 	C:\WINDOWS\SYSTEM32\CRYPTSP.dll
0x00007ff9ecae0000 - 0x00007ff9ecb14000 	C:\WINDOWS\system32\rsaenh.dll
0x00007ff9ee290000 - 0x00007ff9ee2b7000 	C:\WINDOWS\System32\bcrypt.dll
0x00007ff9ed890000 - 0x00007ff9ed8be000 	C:\WINDOWS\SYSTEM32\USERENV.dll
0x00007ff9ee1c0000 - 0x00007ff9ee240000 	C:\WINDOWS\System32\bcryptprimitives.dll
0x00007ff9ed3a0000 - 0x00007ff9ed3ac000 	C:\WINDOWS\SYSTEM32\CRYPTBASE.dll
0x00007ff9ece50000 - 0x00007ff9ece8b000 	C:\WINDOWS\SYSTEM32\IPHLPAPI.DLL
0x00007ff9ef0a0000 - 0x00007ff9ef0a8000 	C:\WINDOWS\System32\NSI.dll
0x00007ff9e07c0000 - 0x00007ff9e07d7000 	C:\WINDOWS\SYSTEM32\dhcpcsvc6.DLL
0x00007ff9e07a0000 - 0x00007ff9e07bd000 	C:\WINDOWS\SYSTEM32\dhcpcsvc.DLL
0x00007ff9ecea0000 - 0x00007ff9ecf6c000 	C:\WINDOWS\SYSTEM32\DNSAPI.dll
0x00007ff9e07e0000 - 0x00007ff9e07eb000 	C:\WINDOWS\SYSTEM32\WINNSI.DLL
0x00007ff9c2a90000 - 0x00007ff9c2c2c000 	C:\Program Files\Android\Android Studio\jre\jre\bin\awt.dll
0x00007ff9ee5c0000 - 0x00007ff9ee68d000 	C:\WINDOWS\System32\OLEAUT32.dll
0x00007ff9eb630000 - 0x00007ff9eb65f000 	C:\WINDOWS\SYSTEM32\dwmapi.dll
0x00007ff9ea1d0000 - 0x00007ff9ea790000 	C:\WINDOWS\SYSTEM32\d2d1.dll
0x00007ff9eb290000 - 0x00007ff9eb320000 	C:\WINDOWS\SYSTEM32\apphelp.dll
0x00007ff9eb380000 - 0x00007ff9eb41e000 	C:\WINDOWS\system32\uxtheme.dll

VM Arguments:
jvm_args: -Xmx2048m -Dfile.encoding=UTF-8 -Duser.country=US -Duser.language=en -Duser.variant 
java_command: org.gradle.launcher.daemon.bootstrap.GradleDaemon 6.5
java_class_path (initial): C:\Users\Lenovo\.gradle\wrapper\dists\gradle-6.5-bin\6nifqtx7604sqp1q6g8wikw7p\gradle-6.5\lib\gradle-launcher-6.5.jar
Launcher Type: SUN_STANDARD

Environment Variables:
PATH=C:\Program Files\Microsoft MPI\Bin\;C:\Program Files (x86)\Common Files\Oracle\Java\javapath;C:\Program Files\Common Files\Oracle\Java\javapath;C:\python37\Scripts\;C:\python37\;C:\Python38\Scripts\;C:\Python38\;C:\WINDOWS\system32;C:\WINDOWS;C:\WINDOWS\System32\Wbem;C:\WINDOWS\System32\WindowsPowerShell\v1.0\;C:\WINDOWS\System32\OpenSSH\;C:\ProgramData\chocolatey\bin;C:\Program Files\Git\cmd;C:\strawberry\c\bin;C:\strawberry\perl\bin;C:\Program Files\dotnet\;C:\Users\Lenovo\AppData\Local\Microsoft\WindowsApps;C:\Users\Lenovo\AppData\Local\Programs\Microsoft VS Code\bin;C:\Program Files\MongoDB\Server\4.2\bin;C:\Users\Lenovo\AppData\Local\Programs\Microsoft VS Code;C:\Program Files (x86)\mingw-w64\i686-8.1.0-posix-dwarf-rt_v6-rev0\mingw32\bin;C:\Users\Lenovo\AppData\Local\GitHubDesktop\bin;C:\Program Files\JetBrains\PyCharm 2020.3\bin;;C:\Program Files\JetBrains\IntelliJ IDEA Community Edition 2020.3.1\bin;;C:\Program Files\kotlinc\bin;C:\Program Files\Java\jdk1.8.0_281\bin;C:\Users\Lenovo\.dotnet\tools
USERNAME=Lenovo
OS=Windows_NT
PROCESSOR_IDENTIFIER=Intel64 Family 6 Model 142 Stepping 9, GenuineIntel



---------------  S Y S T E M  ---------------

OS: Windows 10.0 , 64 bit Build 19041 (10.0.19041.928)

CPU:total 4 (initial active 4) (2 cores per cpu, 2 threads per core) family 6 model 142 stepping 9, cmov, cx8, fxsr, mmx, sse, sse2, sse3, ssse3, sse4.1, sse4.2, popcnt, avx, avx2, aes, clmul, erms, 3dnowpref, lzcnt, ht, tsc, tscinvbit, bmi1, bmi2, adx

Memory: 4k page, physical 4057396k(351400k free), swap 10201396k(10716k free)

vm_info: OpenJDK 64-Bit Server VM (25.242-b01) for windows-amd64 JRE (1.8.0_242-release-1644-b01), built by "builder" with MS VC++ 10.0 (VS2010)

time: Mon May 03 21:19:00 2021
timezone: India Standard Time
elapsed time: 52 seconds (0d 0h 0m 52s)

